[INFO ] 2023-01-06 16:56:45.078 [main] TestBase - Browser is Opened
[INFO ] 2023-01-06 16:56:45.228 [main] TestBase - Browser is maximized
[INFO ] 2023-01-06 16:56:48.727 [main] TestBase - URL is Opened
[INFO ] 2023-01-06 16:56:49.060 [main] LoginPageTest - Test - VerifyLogin
[INFO ] 2023-01-06 16:56:50.020 [main] LoginPageTest - Test - Assertion Passed
[INFO ] 2023-01-06 16:56:57.871 [main] TestBase - Broswer is closed
[INFO ] 2023-01-06 16:56:59.585 [main] TestBase - Browser is Opened
[INFO ] 2023-01-06 16:56:59.754 [main] TestBase - Browser is maximized
[INFO ] 2023-01-06 16:57:02.229 [main] TestBase - URL is Opened
[INFO ] 2023-01-06 16:57:02.254 [main] LoginPageTest - Test - VerifyLoginPageURL
[INFO ] 2023-01-06 16:57:02.267 [main] LoginPageTest - Login Page URL is:https://www.saucedemo.com/
[INFO ] 2023-01-06 16:57:02.274 [main] LoginPageTest - Test - Assertion Passed
[INFO ] 2023-01-06 16:57:06.145 [main] TestBase - Broswer is closed
[INFO ] 2023-01-06 16:57:07.922 [main] TestBase - Browser is Opened
[INFO ] 2023-01-06 16:57:08.092 [main] TestBase - Browser is maximized
[INFO ] 2023-01-06 16:57:10.354 [main] TestBase - URL is Opened
[INFO ] 2023-01-06 16:57:10.363 [main] LoginPageTest - Test - VerifyLoginPageTitle
[INFO ] 2023-01-06 16:57:10.372 [main] LoginPageTest - Login Page Title is:Swag Labs
[INFO ] 2023-01-06 16:57:10.372 [main] LoginPageTest - Test - Assertion Passed
[INFO ] 2023-01-06 16:57:14.277 [main] TestBase - Broswer is closed
[INFO ] 2023-01-06 16:57:16.046 [main] TestBase - Browser is Opened
[INFO ] 2023-01-06 16:57:16.186 [main] TestBase - Browser is maximized
[INFO ] 2023-01-06 16:57:18.985 [main] TestBase - URL is Opened
[INFO ] 2023-01-06 16:57:19.649 [main] HomePageTest - Test - VerifyAddToCart
[INFO ] 2023-01-06 16:57:20.094 [main] HomePageTest - Test - Assertion Passed
[INFO ] 2023-01-06 16:57:23.990 [main] TestBase - Broswer is closed
[INFO ] 2023-01-06 16:57:25.757 [main] TestBase - Browser is Opened
[INFO ] 2023-01-06 16:57:25.903 [main] TestBase - Browser is maximized
[INFO ] 2023-01-06 16:57:28.232 [main] TestBase - URL is Opened
[INFO ] 2023-01-06 16:57:28.891 [main] HomePageTest - Test - VerifyDropDown
[INFO ] 2023-01-06 16:57:30.140 [main] HomePageTest - Test - Assertion Passed
[INFO ] 2023-01-06 16:57:33.973 [main] TestBase - Broswer is closed
[INFO ] 2023-01-06 16:57:35.793 [main] TestBase - Browser is Opened
[INFO ] 2023-01-06 16:57:35.962 [main] TestBase - Browser is maximized
[INFO ] 2023-01-06 16:57:38.190 [main] TestBase - URL is Opened
[INFO ] 2023-01-06 16:57:38.900 [main] HomePageTest - Test - VerifyHomePageHeader
[INFO ] 2023-01-06 16:57:38.974 [main] HomePageTest - Home Page Header is:PRODUCTS
[INFO ] 2023-01-06 16:57:38.974 [main] HomePageTest - Test - Assertion Passed
[INFO ] 2023-01-06 16:57:42.860 [main] TestBase - Broswer is closed
[INFO ] 2023-01-06 16:57:44.727 [main] TestBase - Browser is Opened
[INFO ] 2023-01-06 16:57:44.906 [main] TestBase - Browser is maximized
[INFO ] 2023-01-06 16:57:47.267 [main] TestBase - URL is Opened
[INFO ] 2023-01-06 16:57:47.907 [main] HomePageTest - Test - VerifyHomePageMenuBtn
[INFO ] 2023-01-06 16:57:48.452 [main] HomePageTest - Test - Assertion Passed
[INFO ] 2023-01-06 16:57:57.351 [main] TestBase - Broswer is closed
[INFO ] 2023-01-06 16:57:59.090 [main] TestBase - Browser is Opened
[INFO ] 2023-01-06 16:57:59.231 [main] TestBase - Browser is maximized
[INFO ] 2023-01-06 16:58:01.433 [main] TestBase - URL is Opened
[INFO ] 2023-01-06 16:58:02.099 [main] HomePageTest - Test - VerifyHomePageTitle
[INFO ] 2023-01-06 16:58:02.120 [main] HomePageTest - Home Page Title is:Swag Labs
[INFO ] 2023-01-06 16:58:02.120 [main] HomePageTest - Test - Assertion Passed
[INFO ] 2023-01-06 16:58:05.994 [main] TestBase - Broswer is closed
[INFO ] 2023-01-06 16:58:07.775 [main] TestBase - Browser is Opened
[INFO ] 2023-01-06 16:58:07.937 [main] TestBase - Browser is maximized
[INFO ] 2023-01-06 16:58:10.016 [main] TestBase - URL is Opened
[INFO ] 2023-01-06 16:58:11.161 [main] CartPageTest - Test - VerifyCartPageHeader
[INFO ] 2023-01-06 16:58:11.230 [main] CartPageTest - Cart Page Header is:YOUR CART
[INFO ] 2023-01-06 16:58:11.230 [main] CartPageTest - Test - Assertion Passed
[INFO ] 2023-01-06 16:58:15.087 [main] TestBase - Broswer is closed
[INFO ] 2023-01-06 16:58:16.837 [main] TestBase - Browser is Opened
[INFO ] 2023-01-06 16:58:17.070 [main] TestBase - Browser is maximized
[INFO ] 2023-01-06 16:58:19.047 [main] TestBase - URL is Opened
[INFO ] 2023-01-06 16:58:20.090 [main] CartPageTest - Test - VerifyCartPageTitle
[INFO ] 2023-01-06 16:58:20.105 [main] CartPageTest - Cart Page Title is:Swag Labs
[INFO ] 2023-01-06 16:58:20.105 [main] CartPageTest - Test - Assertion Passed
[INFO ] 2023-01-06 16:58:24.025 [main] TestBase - Broswer is closed
[INFO ] 2023-01-06 16:58:25.726 [main] TestBase - Browser is Opened
[INFO ] 2023-01-06 16:58:25.886 [main] TestBase - Browser is maximized
[INFO ] 2023-01-06 16:58:28.450 [main] TestBase - URL is Opened
[INFO ] 2023-01-06 16:58:30.039 [main] CartPageTest - Test - verifyBuyProduct
[INFO ] 2023-01-06 16:58:31.243 [main] CartPageTest - Successful Order Page Message is:THANK YOU FOR YOUR ORDER
[INFO ] 2023-01-06 16:58:31.244 [main] CartPageTest - Test - Assertion Passed
[INFO ] 2023-01-06 16:58:35.075 [main] TestBase - Broswer is closed
